-------- ACE --------
resnet110_cifar10_train.onnx:
                              ACE: Time = 3.83(s) Memory = 4.41(Gb)
                                   ONNX2AIR = 0.013 / 0.013(s)
                                   SCHEME_INFO_ANALYZE = 0.000 / 0.013(s)
                                   VECTOR = 1.252 / 1.265(s)
                                   SIHE = 0.501 / 1.766(s)
                                   CKKS = 0.525 / 2.291(s)
                                   POLY = 0.520 / 2.811(s)
                                   POLY2C = 0.908 / 3.719(s)
                              Exec: Time = 7531.12(s) TotalMemory = 44.8(Gb) KeyMemory = 34.5(Gb) RotKeyMem = 34.3(Gb) RotKeyCnt = 227 WeightMem = 98.4(Gb) WeightCnt = 36464 N = 65536 q0 = 60 Delta = 56
                                    Tensor::conv = 1555.80 / 1555.80(s) Count = 111
                                    FHE::bootstrap = 4928.27 / 6484.07(s) Count = 109
                                    FHE::relu = 844.88 / 7328.95(s) Count = 109
                                    Tensor::add = 0.71 / 7329.65(s) Count = 54
                                    Tensor::global_avg_pool = 1.52 / 7331.18(s) Count = 1
                                    Tensor::flatten = 0.00 / 7331.18(s) Count = 1
                                    Tensor::gemm = 1.96 / 7333.14(s) Count = 1
resnet20_cifar10_pre.onnx:
                           ACE: Time = 1.08(s) Memory = 1.02(Gb)
                                ONNX2AIR = 0.003 / 0.003(s)
                                SCHEME_INFO_ANALYZE = 0.000 / 0.003(s)
                                VECTOR = 0.273 / 0.275(s)
                                SIHE = 0.095 / 0.370(s)
                                CKKS = 0.105 / 0.475(s)
                                POLY = 0.106 / 0.582(s)
                                POLY2C = 0.471 / 1.053(s)
                           Exec: Time = 1453.96(s) TotalMemory = 44.0(Gb) KeyMemory = 34.5(Gb) RotKeyMem = 34.3(Gb) RotKeyCnt = 227 WeightMem = 18.7(Gb) WeightCnt = 6044 N = 65536 q0 = 60 Delta = 56
                                 Tensor::conv = 324.11 / 324.11(s) Count = 21
                                 FHE::bootstrap = 784.03 / 1108.15(s) Count = 19
                                 FHE::relu = 162.09 / 1270.24(s) Count = 19
                                 Tensor::add = 0.10 / 1270.34(s) Count = 9
                                 Tensor::global_avg_pool = 1.61 / 1271.95(s) Count = 1
                                 Tensor::flatten = 0.00 / 1271.95(s) Count = 1
                                 Tensor::gemm = 2.00 / 1273.95(s) Count = 1
resnet32_cifar100_pre.onnx:
                            ACE: Time = 1.44(s) Memory = 1.48(Gb)
                                 ONNX2AIR = 0.004 / 0.004(s)
                                 SCHEME_INFO_ANALYZE = 0.000 / 0.004(s)
                                 VECTOR = 0.403 / 0.407(s)
                                 SIHE = 0.148 / 0.555(s)
                                 CKKS = 0.160 / 0.715(s)
                                 POLY = 0.160 / 0.875(s)
                                 POLY2C = 0.530 / 1.405(s)
                            Exec: Time = 2327.27(s) TotalMemory = 54.6(Gb) KeyMemory = 45.2(Gb) RotKeyMem = 45.0(Gb) RotKeyCnt = 298 WeightMem = 29.5(Gb) WeightCnt = 10190 N = 65536 q0 = 60 Delta = 56
                                  Tensor::conv = 485.17 / 485.17(s) Count = 33
                                  FHE::bootstrap = 1343.05 / 1828.22(s) Count = 31
                                  FHE::relu = 253.05 / 2081.27(s) Count = 31
                                  Tensor::add = 0.19 / 2081.46(s) Count = 15
                                  Tensor::global_avg_pool = 1.53 / 2082.99(s) Count = 1
                                  Tensor::flatten = 0.00 / 2082.99(s) Count = 1
                                  Tensor::gemm = 14.91 / 2097.90(s) Count = 1
resnet32_cifar10_pre.onnx:
                           ACE: Time = 1.43(s) Memory = 1.48(Gb)
                                ONNX2AIR = 0.004 / 0.004(s)
                                SCHEME_INFO_ANALYZE = 0.000 / 0.004(s)
                                VECTOR = 0.402 / 0.407(s)
                                SIHE = 0.147 / 0.553(s)
                                CKKS = 0.157 / 0.711(s)
                                POLY = 0.157 / 0.867(s)
                                POLY2C = 0.528 / 1.396(s)
                           Exec: Time = 2259.27(s) TotalMemory = 44.1(Gb) KeyMemory = 34.5(Gb) RotKeyMem = 34.3(Gb) RotKeyCnt = 227 WeightMem = 29.3(Gb) WeightCnt = 10100 N = 65536 q0 = 60 Delta = 56
                                 Tensor::conv = 480.70 / 480.70(s) Count = 33
                                 FHE::bootstrap = 1343.10 / 1823.80(s) Count = 31
                                 FHE::relu = 251.31 / 2075.11(s) Count = 31
                                 Tensor::add = 0.19 / 2075.30(s) Count = 15
                                 Tensor::global_avg_pool = 1.51 / 2076.81(s) Count = 1
                                 Tensor::flatten = 0.00 / 2076.81(s) Count = 1
                                 Tensor::gemm = 1.92 / 2078.73(s) Count = 1
resnet44_cifar10_pre.onnx:
                           ACE: Time = 1.85(s) Memory = 1.93(Gb)
                                ONNX2AIR = 0.005 / 0.005(s)
                                SCHEME_INFO_ANALYZE = 0.000 / 0.006(s)
                                VECTOR = 0.539 / 0.545(s)
                                SIHE = 0.205 / 0.750(s)
                                CKKS = 0.212 / 0.962(s)
                                POLY = 0.216 / 1.178(s)
                                POLY2C = 0.592 / 1.770(s)
                           Exec: Time = 3044.98(s) TotalMemory = 44.2(Gb) KeyMemory = 34.5(Gb) RotKeyMem = 34.3(Gb) RotKeyCnt = 227 WeightMem = 39.9(Gb) WeightCnt = 14156 N = 65536 q0 = 60 Delta = 56
                                 Tensor::conv = 641.14 / 641.14(s) Count = 45
                                 FHE::bootstrap = 1877.22 / 2518.36(s) Count = 43
                                 FHE::relu = 339.39 / 2857.76(s) Count = 43
                                 Tensor::add = 0.26 / 2858.02(s) Count = 21
                                 Tensor::global_avg_pool = 1.61 / 2859.63(s) Count = 1
                                 Tensor::flatten = 0.00 / 2859.63(s) Count = 1
                                 Tensor::gemm = 1.96 / 2861.59(s) Count = 1
resnet56_cifar10_pre.onnx:
                           ACE: Time = 2.20(s) Memory = 2.38(Gb)
                                ONNX2AIR = 0.007 / 0.007(s)
                                SCHEME_INFO_ANALYZE = 0.000 / 0.007(s)
                                VECTOR = 0.686 / 0.693(s)
                                SIHE = 0.260 / 0.954(s)
                                CKKS = 0.271 / 1.224(s)
                                POLY = 0.271 / 1.495(s)
                                POLY2C = 0.648 / 2.143(s)
                           Exec: Time = 3907.68(s) TotalMemory = 44.3(Gb) KeyMemory = 34.5(Gb) RotKeyMem = 34.3(Gb) RotKeyCnt = 227 WeightMem = 50.6(Gb) WeightCnt = 18212 N = 65536 q0 = 60 Delta = 56
                                 Tensor::conv = 812.30 / 812.30(s) Count = 57
                                 FHE::bootstrap = 2460.14 / 3272.44(s) Count = 55
                                 FHE::relu = 440.36 / 3712.81(s) Count = 55
                                 Tensor::add = 0.34 / 3713.15(s) Count = 27
                                 Tensor::global_avg_pool = 1.56 / 3714.70(s) Count = 1
                                 Tensor::flatten = 0.00 / 3714.71(s) Count = 1
                                 Tensor::gemm = 1.96 / 3716.66(s) Count = 1
-------- Done --------
